<?xml version="1.0" encoding="UTF-8"?><testsuite errors="0" failures="1" name="Academy Choucair" skipped="0" tests="1" time="166.75" timestamp="2021-06-28 09:33:40"><testcase name="Search for a automation course"><failure message="Expected enabled element was not enabled" type="net.thucydides.core.webdriver.exceptions.ElementShouldBeEnabledException">Expected enabled element was not enabled</failure><system-err>Expected enabled element was not enabled&#13;
co.com.choucair.certificacion.proyectobase.tasks.Search.performAs(Search.java:23)&#13;
co.com.choucair.certificacion.proyectobase.stepdefinitions.ChoucairAcademyStepDefinitions.heSearchsForTheCourseRecursosAutomatizacionBancolombiaOnTheChoucairAcademyPlataform(ChoucairAcademyStepDefinitions.java:30)&#13;
cucumber.runner.Runner.runPickle(Runner.java:80)&#13;
</system-err></testcase></testsuite>